0 verbose cli C:\Program Files\nodejs\node.exe C:\Users\User\AppData\Roaming\npm\node_modules\npm\bin\npm-cli.js
1 info using npm@11.7.0
2 info using node@v22.19.0
3 silly config load:file:C:\Users\User\AppData\Roaming\npm\node_modules\npm\npmrc
4 silly config load:file:C:\Users\User\Desktop\projects\elevateballers\.npmrc
5 silly config load:file:C:\Users\User\.npmrc
6 silly config load:file:C:\Users\User\AppData\Roaming\npm\etc\npmrc
7 verbose title npm i @types/react-lazy-load-image-component
8 verbose argv "i" "--save-dev" "@types/react-lazy-load-image-component"
9 verbose logfile logs-max:10 dir:C:\Users\User\Desktop\projects\elevateballers\${HOME}\.npm\_logs\2026-02-08T15_40_38_797Z-
10 verbose logfile C:\Users\User\Desktop\projects\elevateballers\${HOME}\.npm\_logs\2026-02-08T15_40_38_797Z-debug-0.log
11 silly logfile start cleaning logs, removing 1 files
12 silly packumentCache heap:4345298944 maxSize:1086324736 maxEntrySize:543162368
13 silly logfile done cleaning log files
14 silly idealTree buildDeps
15 silly fetch manifest @types/react-lazy-load-image-component@*
16 silly packumentCache full:https://registry.npmjs.org/@types%2freact-lazy-load-image-component cache-miss
17 http fetch GET 200 https://registry.npmjs.org/@types%2freact-lazy-load-image-component 5323ms (cache miss)
18 silly packumentCache full:https://registry.npmjs.org/@types%2freact-lazy-load-image-component set size:undefined disposed:false
19 silly placeDep ROOT @types/react-lazy-load-image-component@1.6.5 OK for: elevateballers@0.0.1 want: *
20 silly fetch manifest magicast@^0.3.5
21 silly packumentCache full:https://registry.npmjs.org/magicast cache-miss
22 http fetch GET 200 https://registry.npmjs.org/magicast 308ms (cache stale)
23 silly packumentCache full:https://registry.npmjs.org/magicast set size:81021 disposed:false
24 silly placeDep node_modules/@prisma/config magicast@0.3.5 OK for: c12@3.1.0 want: ^0.3.5
25 silly reify moves {}
26 http cache @types/react-lazy-load-image-component@https://registry.npmjs.org/@types/react-lazy-load-image-component/-/react-lazy-load-image-component-1.6.5.tgz 0ms (cache hit)
27 silly tarball no local data for @types/react-lazy-load-image-component@https://registry.npmjs.org/@types/react-lazy-load-image-component/-/react-lazy-load-image-component-1.6.5.tgz. Extracting by manifest.
28 http fetch GET 200 https://registry.npmjs.org/@types/react-lazy-load-image-component/-/react-lazy-load-image-component-1.6.5.tgz 733ms (cache miss)
29 silly ADD node_modules/@types/react-lazy-load-image-component
30 verbose cwd C:\Users\User\Desktop\projects\elevateballers
31 verbose os Windows_NT 10.0.26200
32 verbose node v22.19.0
33 verbose npm  v11.7.0
34 verbose exit 0
35 info ok
