0 verbose cli C:\Program Files\nodejs\node.exe C:\Users\User\AppData\Roaming\npm\node_modules\npm\bin\npm-cli.js
1 info using npm@11.7.0
2 info using node@v22.19.0
3 silly config load:file:C:\Users\User\AppData\Roaming\npm\node_modules\npm\npmrc
4 silly config load:file:C:\Users\User\Desktop\projects\elevateballers\.npmrc
5 silly config load:file:C:\Users\User\.npmrc
6 silly config load:file:C:\Users\User\AppData\Roaming\npm\etc\npmrc
7 verbose title npm install @astrojs/sitemap
8 verbose argv "install" "@astrojs/sitemap"
9 verbose logfile logs-max:10 dir:C:\Users\User\Desktop\projects\elevateballers\${HOME}\.npm\_logs\2026-02-09T07_03_16_207Z-
10 verbose logfile C:\Users\User\Desktop\projects\elevateballers\${HOME}\.npm\_logs\2026-02-09T07_03_16_207Z-debug-0.log
11 silly logfile start cleaning logs, removing 3 files
12 silly packumentCache heap:4345298944 maxSize:1086324736 maxEntrySize:543162368
13 silly logfile done cleaning log files
14 silly idealTree buildDeps
15 silly fetch manifest @astrojs/sitemap@^3.2.1
16 silly packumentCache full:https://registry.npmjs.org/@astrojs%2fsitemap cache-miss
17 http fetch GET 200 https://registry.npmjs.org/@astrojs%2fsitemap 1573ms (cache stale)
18 silly packumentCache full:https://registry.npmjs.org/@astrojs%2fsitemap set size:221023 disposed:false
19 silly placeDep ROOT @astrojs/sitemap@3.7.0 OK for: elevateballers@0.0.1 want: ^3.2.1
20 silly fetch manifest sitemap@^8.0.2
21 silly packumentCache full:https://registry.npmjs.org/sitemap cache-miss
22 silly fetch manifest stream-replace-string@^2.0.0
23 silly packumentCache full:https://registry.npmjs.org/stream-replace-string cache-miss
24 http fetch GET 200 https://registry.npmjs.org/stream-replace-string 1514ms (cache miss)
25 silly packumentCache full:https://registry.npmjs.org/stream-replace-string set size:undefined disposed:false
26 http fetch GET 200 https://registry.npmjs.org/sitemap 1620ms (cache miss)
27 silly packumentCache full:https://registry.npmjs.org/sitemap set size:undefined disposed:false
28 silly placeDep ROOT sitemap@8.0.2 OK for: @astrojs/sitemap@3.7.0 want: ^8.0.2
29 silly placeDep ROOT stream-replace-string@2.0.0 OK for: @astrojs/sitemap@3.7.0 want: ^2.0.0
30 silly fetch manifest @types/sax@^1.2.1
31 silly packumentCache full:https://registry.npmjs.org/@types%2fsax cache-miss
32 silly fetch manifest @types/node@^17.0.5
33 silly packumentCache full:https://registry.npmjs.org/@types%2fnode cache-miss
34 http fetch GET 200 https://registry.npmjs.org/@types%2fnode 119ms (cache stale)
35 silly packumentCache full:https://registry.npmjs.org/@types%2fnode set size:10847993 disposed:false
36 http fetch GET 200 https://registry.npmjs.org/@types%2fsax 1874ms (cache miss)
37 silly packumentCache full:https://registry.npmjs.org/@types%2fsax set size:undefined disposed:false
38 silly placeDep node_modules/sitemap @types/node@17.0.45 OK for: sitemap@8.0.2 want: ^17.0.5
39 silly placeDep ROOT @types/sax@1.2.7 OK for: sitemap@8.0.2 want: ^1.2.1
40 silly fetch manifest magicast@^0.3.5
41 silly packumentCache full:https://registry.npmjs.org/magicast cache-miss
42 http fetch GET 200 https://registry.npmjs.org/magicast 26ms (cache stale)
43 silly packumentCache full:https://registry.npmjs.org/magicast set size:81021 disposed:false
44 silly placeDep node_modules/@prisma/config magicast@0.3.5 OK for: c12@3.1.0 want: ^0.3.5
45 silly reify moves {}
46 http cache @types/sax@https://registry.npmjs.org/@types/sax/-/sax-1.2.7.tgz 0ms (cache hit)
47 http cache stream-replace-string@https://registry.npmjs.org/stream-replace-string/-/stream-replace-string-2.0.0.tgz 0ms (cache hit)
48 http cache @astrojs/sitemap@https://registry.npmjs.org/@astrojs/sitemap/-/sitemap-3.7.0.tgz 1ms (cache hit)
49 http cache sitemap@https://registry.npmjs.org/sitemap/-/sitemap-8.0.2.tgz 0ms (cache hit)
50 silly tarball no local data for @types/sax@https://registry.npmjs.org/@types/sax/-/sax-1.2.7.tgz. Extracting by manifest.
51 silly tarball no local data for stream-replace-string@https://registry.npmjs.org/stream-replace-string/-/stream-replace-string-2.0.0.tgz. Extracting by manifest.
52 silly tarball no local data for @astrojs/sitemap@https://registry.npmjs.org/@astrojs/sitemap/-/sitemap-3.7.0.tgz. Extracting by manifest.
53 http cache @types/node@https://registry.npmjs.org/@types/node/-/node-17.0.45.tgz 0ms (cache hit)
54 silly tarball no local data for sitemap@https://registry.npmjs.org/sitemap/-/sitemap-8.0.2.tgz. Extracting by manifest.
55 silly tarball no local data for @types/node@https://registry.npmjs.org/@types/node/-/node-17.0.45.tgz. Extracting by manifest.
56 http fetch GET 200 https://registry.npmjs.org/stream-replace-string/-/stream-replace-string-2.0.0.tgz 839ms (cache miss)
57 http fetch GET 200 https://registry.npmjs.org/@types/sax/-/sax-1.2.7.tgz 1756ms (cache miss)
58 http fetch GET 200 https://registry.npmjs.org/sitemap/-/sitemap-8.0.2.tgz 8484ms (cache miss)
59 http fetch GET 200 https://registry.npmjs.org/@astrojs/sitemap/-/sitemap-3.7.0.tgz 9324ms (cache miss)
60 http fetch GET 200 https://registry.npmjs.org/@types/node/-/node-17.0.45.tgz 12964ms (cache miss)
61 silly ADD node_modules/@types/sax
62 silly ADD node_modules/stream-replace-string
63 silly ADD node_modules/sitemap
64 silly ADD node_modules/sitemap/node_modules/@types/node
65 silly ADD node_modules/@astrojs/sitemap
66 verbose cwd C:\Users\User\Desktop\projects\elevateballers
67 verbose os Windows_NT 10.0.26200
68 verbose node v22.19.0
69 verbose npm  v11.7.0
70 verbose exit 0
71 info ok
