0 verbose cli C:\Program Files\nodejs\node.exe C:\Users\User\AppData\Roaming\npm\node_modules\npm\bin\npm-cli.js
1 info using npm@11.7.0
2 info using node@v22.19.0
3 silly config load:file:C:\Users\User\AppData\Roaming\npm\node_modules\npm\npmrc
4 silly config load:file:C:\Users\User\Desktop\projects\elevateballers\.npmrc
5 silly config load:file:C:\Users\User\.npmrc
6 silly config load:file:C:\Users\User\AppData\Roaming\npm\etc\npmrc
7 verbose title npm install @astrojs/tailwind
8 verbose argv "install" "@astrojs/tailwind"
9 verbose logfile logs-max:10 dir:C:\Users\User\Desktop\projects\elevateballers\${HOME}\.npm\_logs\2026-02-08T15_22_20_626Z-
10 verbose logfile C:\Users\User\Desktop\projects\elevateballers\${HOME}\.npm\_logs\2026-02-08T15_22_20_626Z-debug-0.log
11 silly logfile start cleaning logs, removing 1 files
12 silly packumentCache heap:4345298944 maxSize:1086324736 maxEntrySize:543162368
13 silly logfile done cleaning log files
14 silly idealTree buildDeps
15 silly fetch manifest @astrojs/tailwind@*
16 silly packumentCache full:https://registry.npmjs.org/@astrojs%2ftailwind cache-miss
17 http cache https://registry.npmjs.org/@astrojs%2ftailwind 1410ms (cache hit)
18 silly packumentCache full:https://registry.npmjs.org/@astrojs%2ftailwind set size:201509 disposed:false
19 silly fetch manifest astro@^5.16.6
20 silly packumentCache full:https://registry.npmjs.org/astro cache-miss
21 http cache https://registry.npmjs.org/astro 115ms (cache hit)
22 silly packumentCache full:https://registry.npmjs.org/astro set size:8718611 disposed:false
23 silly fetch manifest tailwindcss@^3.4.19
24 silly packumentCache full:https://registry.npmjs.org/tailwindcss cache-miss
25 http cache https://registry.npmjs.org/tailwindcss 131ms (cache hit)
26 silly packumentCache full:https://registry.npmjs.org/tailwindcss set size:10160426 disposed:false
27 silly placeDep ROOT @astrojs/tailwind@6.0.2 OK for: elevateballers@0.0.1 want: *
28 silly fetch manifest postcss-load-config@^4.0.2
29 silly packumentCache full:https://registry.npmjs.org/postcss-load-config cache-miss
30 http cache https://registry.npmjs.org/postcss-load-config 74ms (cache hit)
31 silly packumentCache full:https://registry.npmjs.org/postcss-load-config set size:86425 disposed:false
32 silly fetch manifest postcss@^8.5.3
33 silly packumentCache full:https://registry.npmjs.org/postcss cache-miss
34 http cache https://registry.npmjs.org/postcss 23ms (cache hit)
35 silly packumentCache full:https://registry.npmjs.org/postcss set size:696248 disposed:false
36 silly fetch manifest ts-node@>=9.0.0
37 silly packumentCache full:https://registry.npmjs.org/ts-node cache-miss
38 http cache https://registry.npmjs.org/ts-node 21ms (cache hit)
39 silly packumentCache full:https://registry.npmjs.org/ts-node set size:574573 disposed:false
40 silly fetch manifest @swc/core@>=1.2.50
41 silly packumentCache full:https://registry.npmjs.org/@swc%2fcore cache-miss
42 http cache https://registry.npmjs.org/@swc%2fcore 44ms (cache hit)
43 silly packumentCache full:https://registry.npmjs.org/@swc%2fcore set size:3912669 disposed:false
44 silly fetch manifest @swc/helpers@>=0.5.17
45 silly packumentCache full:https://registry.npmjs.org/@swc%2fhelpers cache-miss
46 http fetch GET 200 https://registry.npmjs.org/@swc%2fhelpers 2053ms (cache miss)
47 silly packumentCache full:https://registry.npmjs.org/@swc%2fhelpers set size:undefined disposed:false
48 silly fetch manifest @swc/wasm@>=1.2.50
49 silly packumentCache full:https://registry.npmjs.org/@swc%2fwasm cache-miss
50 http fetch GET 200 https://registry.npmjs.org/@swc%2fwasm 1027ms (cache miss)
51 silly packumentCache full:https://registry.npmjs.org/@swc%2fwasm set size:undefined disposed:false
52 silly fetch manifest @types/node@*
53 silly packumentCache full:https://registry.npmjs.org/@types%2fnode cache-miss
54 http fetch GET 200 https://registry.npmjs.org/@types%2fnode 7944ms (cache miss)
55 silly packumentCache full:https://registry.npmjs.org/@types%2fnode set size:undefined disposed:false
56 silly fetch manifest typescript@>=2.7
57 silly packumentCache full:https://registry.npmjs.org/typescript cache-miss
58 http fetch GET 200 https://registry.npmjs.org/typescript 6504ms (cache miss)
59 silly packumentCache full:https://registry.npmjs.org/typescript set size:undefined disposed:false
60 silly placeDep node_modules/@astrojs/tailwind postcss-load-config@4.0.2 OK for: @astrojs/tailwind@6.0.2 want: ^4.0.2
61 silly fetch manifest yaml@^2.3.4
62 silly packumentCache full:https://registry.npmjs.org/yaml cache-miss
63 silly fetch manifest lilconfig@^3.0.0
64 silly packumentCache full:https://registry.npmjs.org/lilconfig cache-miss
65 http fetch GET 200 https://registry.npmjs.org/yaml 704ms (cache miss)
66 silly packumentCache full:https://registry.npmjs.org/yaml set size:undefined disposed:false
67 http fetch GET 200 https://registry.npmjs.org/lilconfig 1118ms (cache miss)
68 silly packumentCache full:https://registry.npmjs.org/lilconfig set size:undefined disposed:false
69 silly placeDep node_modules/@astrojs/tailwind lilconfig@3.1.3 OK for: postcss-load-config@4.0.2 want: ^3.0.0
70 silly placeDep ROOT yaml@2.8.2 OK for: postcss-load-config@4.0.2 want: ^2.3.4
71 silly fetch manifest magicast@^0.3.5
72 silly packumentCache full:https://registry.npmjs.org/magicast cache-miss
73 http fetch GET 200 https://registry.npmjs.org/magicast 319ms (cache miss)
74 silly packumentCache full:https://registry.npmjs.org/magicast set size:undefined disposed:false
75 silly placeDep node_modules/@prisma/config magicast@0.3.5 OK for: c12@3.1.0 want: ^0.3.5
76 silly reify moves {}
77 http cache yaml@https://registry.npmjs.org/yaml/-/yaml-2.8.2.tgz 0ms (cache hit)
78 http cache @astrojs/tailwind@https://registry.npmjs.org/@astrojs/tailwind/-/tailwind-6.0.2.tgz 0ms (cache hit)
79 http cache lilconfig@https://registry.npmjs.org/lilconfig/-/lilconfig-3.1.3.tgz 0ms (cache hit)
80 silly tarball no local data for yaml@https://registry.npmjs.org/yaml/-/yaml-2.8.2.tgz. Extracting by manifest.
81 silly tarball no local data for @astrojs/tailwind@https://registry.npmjs.org/@astrojs/tailwind/-/tailwind-6.0.2.tgz. Extracting by manifest.
82 http cache postcss-load-config@https://registry.npmjs.org/postcss-load-config/-/postcss-load-config-4.0.2.tgz 1ms (cache hit)
83 silly tarball no local data for lilconfig@https://registry.npmjs.org/lilconfig/-/lilconfig-3.1.3.tgz. Extracting by manifest.
84 silly tarball no local data for postcss-load-config@https://registry.npmjs.org/postcss-load-config/-/postcss-load-config-4.0.2.tgz. Extracting by manifest.
85 http fetch GET 200 https://registry.npmjs.org/lilconfig/-/lilconfig-3.1.3.tgz 977ms (cache miss)
86 http fetch GET 200 https://registry.npmjs.org/postcss-load-config/-/postcss-load-config-4.0.2.tgz 988ms (cache miss)
87 http fetch GET 200 https://registry.npmjs.org/@astrojs/tailwind/-/tailwind-6.0.2.tgz 1088ms (cache miss)
88 http fetch GET 200 https://registry.npmjs.org/yaml/-/yaml-2.8.2.tgz 2424ms (cache miss)
89 silly ADD node_modules/yaml
90 silly ADD node_modules/@astrojs/tailwind
91 silly ADD node_modules/@astrojs/tailwind/node_modules/lilconfig
92 silly ADD node_modules/@astrojs/tailwind/node_modules/postcss-load-config
93 verbose cwd C:\Users\User\Desktop\projects\elevateballers
94 verbose os Windows_NT 10.0.26200
95 verbose node v22.19.0
96 verbose npm  v11.7.0
97 verbose exit 0
98 info ok
