0 verbose cli C:\Program Files\nodejs\node.exe C:\Users\User\AppData\Roaming\npm\node_modules\npm\bin\npm-cli.js
1 info using npm@11.7.0
2 info using node@v22.19.0
3 silly config load:file:C:\Users\User\AppData\Roaming\npm\node_modules\npm\npmrc
4 silly config load:file:C:\Users\User\Desktop\projects\elevateballers\.npmrc
5 silly config load:file:C:\Users\User\.npmrc
6 silly config load:file:C:\Users\User\AppData\Roaming\npm\etc\npmrc
7 verbose title npm install @astrojs/tailwindnpm install @astrojs/tailwind
8 verbose argv "install" "@astrojs/tailwindnpm" "install" "@astrojs/tailwind"
9 verbose logfile logs-max:10 dir:C:\Users\User\Desktop\projects\elevateballers\${HOME}\.npm\_logs\2026-02-08T15_21_29_710Z-
10 verbose logfile C:\Users\User\Desktop\projects\elevateballers\${HOME}\.npm\_logs\2026-02-08T15_21_29_710Z-debug-0.log
11 silly logfile start cleaning logs, removing 1 files
12 silly packumentCache heap:4345298944 maxSize:1086324736 maxEntrySize:543162368
13 silly logfile done cleaning log files
14 silly idealTree buildDeps
15 silly fetch manifest @astrojs/tailwindnpm@*
16 silly packumentCache full:https://registry.npmjs.org/@astrojs%2ftailwindnpm cache-miss
17 notice Access token expired or revoked. Please try logging in again.
18 http fetch GET 404 https://registry.npmjs.org/@astrojs%2ftailwindnpm 1858ms (cache skip)
19 silly fetch manifest install@*
20 silly packumentCache full:https://registry.npmjs.org/install cache-miss
21 http fetch GET 200 https://registry.npmjs.org/install 596ms (cache miss)
22 silly packumentCache full:https://registry.npmjs.org/install set size:undefined disposed:false
23 silly fetch manifest @astrojs/tailwind@*
24 silly packumentCache full:https://registry.npmjs.org/@astrojs%2ftailwind cache-miss
25 http fetch GET 200 https://registry.npmjs.org/@astrojs%2ftailwind 1104ms (cache miss)
26 silly packumentCache full:https://registry.npmjs.org/@astrojs%2ftailwind set size:undefined disposed:false
27 silly fetch manifest astro@^5.16.6
28 silly packumentCache full:https://registry.npmjs.org/astro cache-miss
29 http fetch GET 200 https://registry.npmjs.org/astro 1956ms (cache miss)
30 silly packumentCache full:https://registry.npmjs.org/astro set size:undefined disposed:false
31 silly fetch manifest tailwindcss@^3.4.19
32 silly packumentCache full:https://registry.npmjs.org/tailwindcss cache-miss
33 http fetch GET 200 https://registry.npmjs.org/tailwindcss 3542ms (cache miss)
34 silly packumentCache full:https://registry.npmjs.org/tailwindcss set size:undefined disposed:false
35 silly placeDep ROOT @astrojs/tailwind@6.0.2 OK for: elevateballers@0.0.1 want: *
36 silly placeDep ROOT @astrojs/tailwindnpm@ OK for: elevateballers@0.0.1 want: *
37 silly placeDep ROOT install@0.13.0 OK for: elevateballers@0.0.1 want: *
38 silly fetch manifest postcss-load-config@^4.0.2
39 silly packumentCache full:https://registry.npmjs.org/postcss-load-config cache-miss
40 http fetch GET 200 https://registry.npmjs.org/postcss-load-config 794ms (cache miss)
41 silly packumentCache full:https://registry.npmjs.org/postcss-load-config set size:undefined disposed:false
42 silly fetch manifest postcss@^8.5.3
43 silly packumentCache full:https://registry.npmjs.org/postcss cache-miss
44 http fetch GET 200 https://registry.npmjs.org/postcss 2588ms (cache miss)
45 silly packumentCache full:https://registry.npmjs.org/postcss set size:undefined disposed:false
46 silly fetch manifest ts-node@>=9.0.0
47 silly packumentCache full:https://registry.npmjs.org/ts-node cache-miss
48 http fetch GET 200 https://registry.npmjs.org/ts-node 1109ms (cache miss)
49 silly packumentCache full:https://registry.npmjs.org/ts-node set size:undefined disposed:false
50 silly fetch manifest @swc/core@>=1.2.50
51 silly packumentCache full:https://registry.npmjs.org/@swc%2fcore cache-miss
52 http fetch GET 200 https://registry.npmjs.org/@swc%2fcore 7041ms (cache miss)
53 silly packumentCache full:https://registry.npmjs.org/@swc%2fcore set size:undefined disposed:false
54 silly fetch manifest @swc/helpers@>=0.5.17
55 silly packumentCache full:https://registry.npmjs.org/@swc%2fhelpers cache-miss
