0 verbose cli C:\Program Files\nodejs\node.exe C:\Users\User\AppData\Roaming\npm\node_modules\npm\bin\npm-cli.js
1 info using npm@11.7.0
2 info using node@v22.19.0
3 silly config load:file:C:\Users\User\AppData\Roaming\npm\node_modules\npm\npmrc
4 silly config load:file:C:\Users\User\Desktop\projects\elevateballers\.npmrc
5 silly config load:file:C:\Users\User\.npmrc
6 silly config load:file:C:\Users\User\AppData\Roaming\npm\etc\npmrc
7 verbose title npm run build:cpanel11:53:50 [ERROR] [router] Error while trying to render the route /api/matches
8 verbose argv "run" "build:cpanel11:53:50" "[ERROR]" "[router]" "Error" "while" "trying" "to" "render" "the" "route" "/api/matches"
9 verbose logfile logs-max:10 dir:C:\Users\User\Desktop\projects\elevateballers\${HOME}\.npm\_logs\2026-02-03T09_54_33_766Z-
10 verbose logfile C:\Users\User\Desktop\projects\elevateballers\${HOME}\.npm\_logs\2026-02-03T09_54_33_766Z-debug-0.log
11 silly logfile start cleaning logs, removing 1 files
12 silly logfile done cleaning log files
13 verbose stack Error: Missing script: "build:cpanel11:53:50"
13 verbose stack
13 verbose stack To see a list of scripts, run:
13 verbose stack   npm run
13 verbose stack     at #run (C:\Users\User\AppData\Roaming\npm\node_modules\npm\lib\commands\run.js:115:13)
13 verbose stack     at async RunScript.exec (C:\Users\User\AppData\Roaming\npm\node_modules\npm\lib\commands\run.js:44:7)
13 verbose stack     at async Npm.exec (C:\Users\User\AppData\Roaming\npm\node_modules\npm\lib\npm.js:208:9)
13 verbose stack     at async module.exports (C:\Users\User\AppData\Roaming\npm\node_modules\npm\lib\cli\entry.js:67:5)
14 error Missing script: "build:cpanel11:53:50"
14 error
14 error To see a list of scripts, run:
14 error   npm run
15 verbose cwd C:\Users\User\Desktop\projects\elevateballers
16 verbose os Windows_NT 10.0.26200
17 verbose node v22.19.0
18 verbose npm  v11.7.0
19 verbose exit 1
20 verbose code 1
21 error A complete log of this run can be found in: C:\Users\User\Desktop\projects\elevateballers\${HOME}\.npm\_logs\2026-02-03T09_54_33_766Z-debug-0.log
