0 verbose cli C:\Program Files\nodejs\node.exe C:\Users\User\AppData\Roaming\npm\node_modules\npm\bin\npm-cli.js
1 info using npm@11.7.0
2 info using node@v22.19.0
3 silly config load:file:C:\Users\User\AppData\Roaming\npm\node_modules\npm\npmrc
4 silly config load:file:c:\Users\User\Desktop\projects\elevateballers\.npmrc
5 silly config load:file:C:\Users\User\.npmrc
6 silly config load:file:C:\Users\User\AppData\Roaming\npm\etc\npmrc
7 verbose title npm ls
8 verbose argv "ls" "--depth" "0" "--json"
9 verbose logfile logs-max:10 dir:c:\Users\User\Desktop\projects\elevateballers\${HOME}\.npm\_logs\2026-02-03T12_24_57_330Z-
10 verbose logfile c:\Users\User\Desktop\projects\elevateballers\${HOME}\.npm\_logs\2026-02-03T12_24_57_330Z-debug-0.log
11 silly logfile start cleaning logs, removing 1 files
12 silly logfile done cleaning log files
13 silly packumentCache heap:4345298944 maxSize:1086324736 maxEntrySize:543162368
14 verbose shrinkwrap failed to load node_modules/.package-lock.json out of date, updated: node_modules
15 verbose cwd c:\Users\User\Desktop\projects\elevateballers
16 verbose os Windows_NT 10.0.26200
17 verbose node v22.19.0
18 verbose npm  v11.7.0
19 verbose exit 0
20 info ok
